[0618/150737:ERROR:process_info.cc(608)] range at 0xff6a3000, size 0x230 fully unreadable
[0618/150737:ERROR:process_reader_win.cc(113)] NtOpenThread: {Acceso denegado} Un proceso ha solicitado acceso a un objeto, pero no se le han concedido esos derechos de acceso.  (0xc0000022)
[0618/150737:ERROR:exception_snapshot_win.cc(57)] thread ID 6848 not found in process
[0618/150737:WARNING:crash_report_exception_handler.cc(60)] ProcessSnapshotWin::InitializeException failed
[0618/171822:ERROR:process_info.cc(608)] range at 0xffa14000, size 0x230 fully unreadable
[0618/171822:ERROR:process_reader_win.cc(113)] NtOpenThread: {Acceso denegado} Un proceso ha solicitado acceso a un objeto, pero no se le han concedido esos derechos de acceso.  (0xc0000022)
[0618/171822:ERROR:exception_snapshot_win.cc(57)] thread ID 2472 not found in process
[0618/171822:WARNING:crash_report_exception_handler.cc(60)] ProcessSnapshotWin::InitializeException failed
[0618/171912:ERROR:process_info.cc(608)] range at 0xff428000, size 0x230 fully unreadable
[0618/171912:ERROR:process_reader_win.cc(113)] NtOpenThread: {Acceso denegado} Un proceso ha solicitado acceso a un objeto, pero no se le han concedido esos derechos de acceso.  (0xc0000022)
[0618/171912:ERROR:exception_snapshot_win.cc(57)] thread ID 9252 not found in process
[0618/171912:WARNING:crash_report_exception_handler.cc(60)] ProcessSnapshotWin::InitializeException failed
[0618/172448:ERROR:process_info.cc(608)] range at 0xff546000, size 0x230 fully unreadable
[0618/172448:ERROR:process_reader_win.cc(113)] NtOpenThread: {Acceso denegado} Un proceso ha solicitado acceso a un objeto, pero no se le han concedido esos derechos de acceso.  (0xc0000022)
[0618/172448:ERROR:exception_snapshot_win.cc(57)] thread ID 4140 not found in process
[0618/172448:WARNING:crash_report_exception_handler.cc(60)] ProcessSnapshotWin::InitializeException failed
[0618/173058:ERROR:process_info.cc(608)] range at 0xfe819000, size 0x230 fully unreadable
[0618/173058:ERROR:process_reader_win.cc(113)] NtOpenThread: {Acceso denegado} Un proceso ha solicitado acceso a un objeto, pero no se le han concedido esos derechos de acceso.  (0xc0000022)
[0618/173058:ERROR:exception_snapshot_win.cc(57)] thread ID 10188 not found in process
[0618/173058:WARNING:crash_report_exception_handler.cc(60)] ProcessSnapshotWin::InitializeException failed
[0618/173721:ERROR:process_info.cc(608)] range at 0xfec16000, size 0x230 fully unreadable
[0618/173721:ERROR:process_reader_win.cc(113)] NtOpenThread: {Acceso denegado} Un proceso ha solicitado acceso a un objeto, pero no se le han concedido esos derechos de acceso.  (0xc0000022)
[0618/173721:ERROR:exception_snapshot_win.cc(57)] thread ID 9240 not found in process
[0618/173721:WARNING:crash_report_exception_handler.cc(60)] ProcessSnapshotWin::InitializeException failed
[0618/175637:ERROR:process_info.cc(608)] range at 0xfefde000, size 0x230 fully unreadable
[0618/175637:ERROR:process_reader_win.cc(113)] NtOpenThread: {Acceso denegado} Un proceso ha solicitado acceso a un objeto, pero no se le han concedido esos derechos de acceso.  (0xc0000022)
[0618/175637:ERROR:exception_snapshot_win.cc(57)] thread ID 7208 not found in process
[0618/175637:WARNING:crash_report_exception_handler.cc(60)] ProcessSnapshotWin::InitializeException failed
[0618/180042:ERROR:process_info.cc(608)] range at 0xfe9f8000, size 0x230 fully unreadable
[0618/180042:ERROR:process_reader_win.cc(113)] NtOpenThread: {Acceso denegado} Un proceso ha solicitado acceso a un objeto, pero no se le han concedido esos derechos de acceso.  (0xc0000022)
[0618/180042:ERROR:exception_snapshot_win.cc(57)] thread ID 3908 not found in process
[0618/180042:WARNING:crash_report_exception_handler.cc(60)] ProcessSnapshotWin::InitializeException failed
[0618/180213:ERROR:process_info.cc(608)] range at 0xfebf4000, size 0x230 fully unreadable
[0618/180214:ERROR:process_reader_win.cc(141)] SuspendThread: Acceso denegado. (0x5)
[0618/180214:ERROR:process_reader_win.cc(141)] SuspendThread: Acceso denegado. (0x5)
[0618/180214:ERROR:process_reader_win.cc(113)] NtOpenThread: {Acceso denegado} Un proceso ha solicitado acceso a un objeto, pero no se le han concedido esos derechos de acceso.  (0xc0000022)
[0618/180214:ERROR:exception_snapshot_win.cc(57)] thread ID 5356 not found in process
[0618/180214:WARNING:crash_report_exception_handler.cc(60)] ProcessSnapshotWin::InitializeException failed
